<?xml version="1.0" encoding="UTF-8"?>
<testng-results ignored="0" total="1" passed="1" failed="0" skipped="0">
  <reporter-output>
  </reporter-output>
  <suite started-at="2024-06-20T18:01:22 IST" name="Suite" finished-at="2024-06-20T18:01:28 IST" duration-ms="5736">
    <groups>
    </groups>
    <test started-at="2024-06-20T18:01:22 IST" name="Test" finished-at="2024-06-20T18:01:28 IST" duration-ms="5736">
      <class name="com.automationmavenjenkins.Automationmavenjenkins.LaunchTest">
        <test-method is-config="true" signature="setup()[pri:0, instance:com.automationmavenjenkins.Automationmavenjenkins.LaunchTest@32b260fa]" started-at="2024-06-20T18:01:19 IST" name="setup" finished-at="2024-06-20T18:01:22 IST" duration-ms="3628" status="PASS">
          <reporter-output>
          </reporter-output>
        </test-method> <!-- setup -->
        <test-method signature="launch()[pri:0, instance:com.automationmavenjenkins.Automationmavenjenkins.LaunchTest@32b260fa]" started-at="2024-06-20T18:01:22 IST" name="launch" finished-at="2024-06-20T18:01:28 IST" duration-ms="5674" status="PASS">
          <reporter-output>
          </reporter-output>
        </test-method> <!-- launch -->
      </class> <!-- com.automationmavenjenkins.Automationmavenjenkins.LaunchTest -->
    </test> <!-- Test -->
  </suite> <!-- Suite -->
</testng-results>
